<?xml version="1.0" encoding="UTF-8"?>
<!-- Generated by org.testng.reporters.JUnitXMLReporter -->
<testsuite hostname="praveen-HP" ignored="2" name="groups" tests="4" failures="0" timestamp="21 May 2019 16:20:55 GMT" time="0.123" errors="0">
  <testcase name="apple" time="0.02" classname="Framework.GroupingExample"/>
  <testcase name="apple1" time="0.004" classname="Framework.GroupingExample"/>
  <testcase name="banana" time="0.003" classname="Framework.GroupingExample"/>
  <testcase name="banana1" time="0.012" classname="Framework.GroupingExample"/>
  <testcase name="grapes1" time="0.0" classname="Framework.GroupingExample">
    <ignored/>
  </testcase> <!-- grapes1 -->
  <testcase name="grapes" time="0.0" classname="Framework.GroupingExample">
    <ignored/>
  </testcase> <!-- grapes -->
</testsuite> <!-- groups -->
