<?xml version="1.0" encoding="UTF-8"?>
<!-- Generated by org.testng.reporters.JUnitXMLReporter -->
<testsuite hostname="praveen-HP" ignored="0" name="testcase2" tests="3" failures="0" timestamp="21 May 2019 10:40:32 GMT" time="0.023" errors="0">
  <testcase name="highschool" time="0.005" classname="Framework.DependenciesExample"/>
  <testcase name="college" time="0.002" classname="Framework.DependenciesExample"/>
  <testcase name="degree" time="0.002" classname="Framework.DependenciesExample"/>
</testsuite> <!-- testcase2 -->
