<?xml version="1.0" encoding="UTF-8"?>
<!-- Generated by org.testng.reporters.JUnitXMLReporter -->
<testsuite hostname="praveen-HP" ignored="1" name="testcase1" tests="2" failures="0" timestamp="21 May 2019 10:40:32 GMT" time="0.074" errors="0">
  <testcase name="test" time="0.013" classname="Framework.testngannot"/>
  <testcase name="test1" time="0.003" classname="Framework.testngannot"/>
  <testcase name="test2" time="0.0" classname="Framework.testngannot">
    <ignored/>
  </testcase> <!-- test2 -->
</testsuite> <!-- testcase1 -->
