<?xml version="1.0" encoding="UTF-8"?>
<!-- Generated by org.testng.reporters.JUnitXMLReporter -->
<testsuite hostname="praveen-HP" ignored="1" name="Default test" tests="2" failures="0" timestamp="28 Aug 2019 05:16:08 GMT" time="0.08" errors="0">
  <testcase name="test" time="0.014" classname="Framework.testngannot"/>
  <testcase name="test1" time="0.002" classname="Framework.testngannot"/>
  <testcase name="test2" time="0.0" classname="Framework.testngannot">
    <ignored/>
  </testcase> <!-- test2 -->
</testsuite> <!-- Default test -->
